[2020-05-15 17:36:31] Текст ошибки: Class 'ishop\App' not found | Файл: C:\Programms\OpenServer\OSPanel\domains\omega-interior.loc\app\views\layouts\wrapper.php | Строка: 19
=================
[2020-05-15 17:36:31] Текст ошибки: Страница не найдена | Файл: C:\Programms\OpenServer\OSPanel\domains\omega-interior.loc\vendor\project\core\Router.php | Строка: 39
=================
[2020-05-15 17:36:31] Текст ошибки: Страница не найдена | Файл: C:\Programms\OpenServer\OSPanel\domains\omega-interior.loc\vendor\project\core\Router.php | Строка: 39
=================
[2020-05-15 17:36:31] Текст ошибки: Страница не найдена | Файл: C:\Programms\OpenServer\OSPanel\domains\omega-interior.loc\vendor\project\core\Router.php | Строка: 39
=================
[2020-05-15 17:36:31] Текст ошибки: Страница не найдена | Файл: C:\Programms\OpenServer\OSPanel\domains\omega-interior.loc\vendor\project\core\Router.php | Строка: 39
=================
[2020-05-15 17:36:31] Текст ошибки: Страница не найдена | Файл: C:\Programms\OpenServer\OSPanel\domains\omega-interior.loc\vendor\project\core\Router.php | Строка: 39
=================
[2020-05-15 17:36:31] Текст ошибки: Страница не найдена | Файл: C:\Programms\OpenServer\OSPanel\domains\omega-interior.loc\vendor\project\core\Router.php | Строка: 39
=================
[2020-05-15 17:36:31] Текст ошибки: Страница не найдена | Файл: C:\Programms\OpenServer\OSPanel\domains\omega-interior.loc\vendor\project\core\Router.php | Строка: 39
=================
[2020-05-15 17:38:10] Текст ошибки: Class 'ishop\App' not found | Файл: C:\Programms\OpenServer\OSPanel\domains\omega-interior.loc\app\views\layouts\wrapper.php | Строка: 19
=================
[2020-05-15 17:38:11] Текст ошибки: Страница не найдена | Файл: C:\Programms\OpenServer\OSPanel\domains\omega-interior.loc\vendor\project\core\Router.php | Строка: 39
=================
[2020-05-15 17:38:11] Текст ошибки: Страница не найдена | Файл: C:\Programms\OpenServer\OSPanel\domains\omega-interior.loc\vendor\project\core\Router.php | Строка: 39
=================
[2020-05-15 17:38:11] Текст ошибки: Страница не найдена | Файл: C:\Programms\OpenServer\OSPanel\domains\omega-interior.loc\vendor\project\core\Router.php | Строка: 39
=================
[2020-05-15 17:38:11] Текст ошибки: Страница не найдена | Файл: C:\Programms\OpenServer\OSPanel\domains\omega-interior.loc\vendor\project\core\Router.php | Строка: 39
=================
[2020-05-15 17:38:11] Текст ошибки: Страница не найдена | Файл: C:\Programms\OpenServer\OSPanel\domains\omega-interior.loc\vendor\project\core\Router.php | Строка: 39
=================
[2020-05-15 17:38:11] Текст ошибки: Страница не найдена | Файл: C:\Programms\OpenServer\OSPanel\domains\omega-interior.loc\vendor\project\core\Router.php | Строка: 39
=================
[2020-05-15 17:38:11] Текст ошибки: Страница не найдена | Файл: C:\Programms\OpenServer\OSPanel\domains\omega-interior.loc\vendor\project\core\Router.php | Строка: 39
=================
[2020-05-15 17:38:11] Текст ошибки: Страница не найдена | Файл: C:\Programms\OpenServer\OSPanel\domains\omega-interior.loc\vendor\project\core\Router.php | Строка: 39
=================
[2020-05-15 17:38:54] Текст ошибки: Class 'ishop\App' not found | Файл: C:\Programms\OpenServer\OSPanel\domains\omega-interior.loc\app\views\layouts\wrapper.php | Строка: 19
=================
[2020-05-15 17:38:54] Текст ошибки: Страница не найдена | Файл: C:\Programms\OpenServer\OSPanel\domains\omega-interior.loc\vendor\project\core\Router.php | Строка: 39
=================
[2020-05-15 17:38:54] Текст ошибки: Страница не найдена | Файл: C:\Programms\OpenServer\OSPanel\domains\omega-interior.loc\vendor\project\core\Router.php | Строка: 39
=================
[2020-05-15 17:38:54] Текст ошибки: Страница не найдена | Файл: C:\Programms\OpenServer\OSPanel\domains\omega-interior.loc\vendor\project\core\Router.php | Строка: 39
=================
[2020-05-15 17:38:54] Текст ошибки: Страница не найдена | Файл: C:\Programms\OpenServer\OSPanel\domains\omega-interior.loc\vendor\project\core\Router.php | Строка: 39
=================
[2020-05-15 17:38:54] Текст ошибки: Страница не найдена | Файл: C:\Programms\OpenServer\OSPanel\domains\omega-interior.loc\vendor\project\core\Router.php | Строка: 39
=================
[2020-05-15 17:40:01] Текст ошибки: Class 'ishop\App' not found | Файл: C:\Programms\OpenServer\OSPanel\domains\omega-interior.loc\app\views\layouts\wrapper.php | Строка: 19
=================
[2020-05-15 17:40:01] Текст ошибки: Страница не найдена | Файл: C:\Programms\OpenServer\OSPanel\domains\omega-interior.loc\vendor\project\core\Router.php | Строка: 39
=================
[2020-05-15 17:40:01] Текст ошибки: Страница не найдена | Файл: C:\Programms\OpenServer\OSPanel\domains\omega-interior.loc\vendor\project\core\Router.php | Строка: 39
=================
[2020-05-15 17:40:01] Текст ошибки: Страница не найдена | Файл: C:\Programms\OpenServer\OSPanel\domains\omega-interior.loc\vendor\project\core\Router.php | Строка: 39
=================
[2020-05-15 17:40:01] Текст ошибки: Страница не найдена | Файл: C:\Programms\OpenServer\OSPanel\domains\omega-interior.loc\vendor\project\core\Router.php | Строка: 39
=================
[2020-05-15 17:40:01] Текст ошибки: Страница не найдена | Файл: C:\Programms\OpenServer\OSPanel\domains\omega-interior.loc\vendor\project\core\Router.php | Строка: 39
=================
[2020-05-15 17:40:48] Текст ошибки: Страница не найдена | Файл: C:\Programms\OpenServer\OSPanel\domains\omega-interior.loc\vendor\project\core\Router.php | Строка: 39
=================
[2020-05-15 17:40:48] Текст ошибки: Страница не найдена | Файл: C:\Programms\OpenServer\OSPanel\domains\omega-interior.loc\vendor\project\core\Router.php | Строка: 39
=================
[2020-05-15 17:40:48] Текст ошибки: Страница не найдена | Файл: C:\Programms\OpenServer\OSPanel\domains\omega-interior.loc\vendor\project\core\Router.php | Строка: 39
=================
[2020-05-15 17:40:48] Текст ошибки: Страница не найдена | Файл: C:\Programms\OpenServer\OSPanel\domains\omega-interior.loc\vendor\project\core\Router.php | Строка: 39
=================
[2020-05-15 17:40:48] Текст ошибки: Страница не найдена | Файл: C:\Programms\OpenServer\OSPanel\domains\omega-interior.loc\vendor\project\core\Router.php | Строка: 39
=================
[2020-05-15 17:40:48] Текст ошибки: Страница не найдена | Файл: C:\Programms\OpenServer\OSPanel\domains\omega-interior.loc\vendor\project\core\Router.php | Строка: 39
=================
[2020-05-15 17:40:48] Текст ошибки: Страница не найдена | Файл: C:\Programms\OpenServer\OSPanel\domains\omega-interior.loc\vendor\project\core\Router.php | Строка: 39
=================
[2020-05-15 17:40:48] Текст ошибки: Страница не найдена | Файл: C:\Programms\OpenServer\OSPanel\domains\omega-interior.loc\vendor\project\core\Router.php | Строка: 39
=================
[2020-05-15 17:40:48] Текст ошибки: Страница не найдена | Файл: C:\Programms\OpenServer\OSPanel\domains\omega-interior.loc\vendor\project\core\Router.php | Строка: 39
=================
[2020-05-15 17:40:48] Текст ошибки: Страница не найдена | Файл: C:\Programms\OpenServer\OSPanel\domains\omega-interior.loc\vendor\project\core\Router.php | Строка: 39
=================
[2020-05-15 17:40:48] Текст ошибки: Страница не найдена | Файл: C:\Programms\OpenServer\OSPanel\domains\omega-interior.loc\vendor\project\core\Router.php | Строка: 39
=================
[2020-05-15 18:42:49] Текст ошибки: Страница не найдена | Файл: C:\Programms\OpenServer\OSPanel\domains\omega-interior.loc\vendor\project\core\Router.php | Строка: 39
=================
[2020-05-15 18:46:21] Текст ошибки: Страница не найдена | Файл: C:\Programms\OpenServer\OSPanel\domains\omega-interior.loc\vendor\project\core\Router.php | Строка: 39
=================
[2020-05-15 19:06:56] Текст ошибки: Контроллер app\controllers\ServiceController не найден | Файл: C:\Programms\OpenServer\OSPanel\domains\omega-interior.loc\vendor\project\core\Router.php | Строка: 36
=================
[2020-05-15 19:10:56] Текст ошибки: Контроллер app\controllers\ServiceController не найден | Файл: C:\Programms\OpenServer\OSPanel\domains\omega-interior.loc\vendor\project\core\Router.php | Строка: 36
=================
[2020-05-15 19:11:58] Текст ошибки: Контроллер app\controllers\ImgController не найден | Файл: C:\Programms\OpenServer\OSPanel\domains\omega-interior.loc\vendor\project\core\Router.php | Строка: 36
=================
[2020-05-15 19:11:58] Текст ошибки: Контроллер app\controllers\ImgController не найден | Файл: C:\Programms\OpenServer\OSPanel\domains\omega-interior.loc\vendor\project\core\Router.php | Строка: 36
=================
[2020-05-15 19:11:58] Текст ошибки: Контроллер app\controllers\ImgController не найден | Файл: C:\Programms\OpenServer\OSPanel\domains\omega-interior.loc\vendor\project\core\Router.php | Строка: 36
=================
[2020-05-15 19:11:58] Текст ошибки: Контроллер app\controllers\ImgController не найден | Файл: C:\Programms\OpenServer\OSPanel\domains\omega-interior.loc\vendor\project\core\Router.php | Строка: 36
=================
[2020-05-15 19:12:17] Текст ошибки: Страница не найдена | Файл: C:\Programms\OpenServer\OSPanel\domains\omega-interior.loc\vendor\project\core\Router.php | Строка: 39
=================
[2020-05-15 19:12:17] Текст ошибки: Страница не найдена | Файл: C:\Programms\OpenServer\OSPanel\domains\omega-interior.loc\vendor\project\core\Router.php | Строка: 39
=================
[2020-05-15 19:12:17] Текст ошибки: Страница не найдена | Файл: C:\Programms\OpenServer\OSPanel\domains\omega-interior.loc\vendor\project\core\Router.php | Строка: 39
=================
[2020-05-15 20:04:10] Текст ошибки: Страница не найдена | Файл: C:\Programms\OpenServer\OSPanel\domains\omega-interior.loc\vendor\project\core\Router.php | Строка: 39
=================
[2020-05-15 20:04:10] Текст ошибки: Страница не найдена | Файл: C:\Programms\OpenServer\OSPanel\domains\omega-interior.loc\vendor\project\core\Router.php | Строка: 39
=================
[2020-05-15 20:04:10] Текст ошибки: Страница не найдена | Файл: C:\Programms\OpenServer\OSPanel\domains\omega-interior.loc\vendor\project\core\Router.php | Строка: 39
=================
[2020-05-15 20:04:10] Текст ошибки: Страница не найдена | Файл: C:\Programms\OpenServer\OSPanel\domains\omega-interior.loc\vendor\project\core\Router.php | Строка: 39
=================
[2020-05-15 20:04:10] Текст ошибки: Страница не найдена | Файл: C:\Programms\OpenServer\OSPanel\domains\omega-interior.loc\vendor\project\core\Router.php | Строка: 39
=================
[2020-05-15 20:04:10] Текст ошибки: Страница не найдена | Файл: C:\Programms\OpenServer\OSPanel\domains\omega-interior.loc\vendor\project\core\Router.php | Строка: 39
=================
[2020-05-15 20:04:21] Текст ошибки: Страница не найдена | Файл: C:\Programms\OpenServer\OSPanel\domains\omega-interior.loc\vendor\project\core\Router.php | Строка: 39
=================
[2020-05-15 20:04:21] Текст ошибки: Страница не найдена | Файл: C:\Programms\OpenServer\OSPanel\domains\omega-interior.loc\vendor\project\core\Router.php | Строка: 39
=================
[2020-05-15 20:04:21] Текст ошибки: Страница не найдена | Файл: C:\Programms\OpenServer\OSPanel\domains\omega-interior.loc\vendor\project\core\Router.php | Строка: 39
=================
[2020-05-15 20:04:21] Текст ошибки: Страница не найдена | Файл: C:\Programms\OpenServer\OSPanel\domains\omega-interior.loc\vendor\project\core\Router.php | Строка: 39
=================
[2020-05-15 20:04:21] Текст ошибки: Страница не найдена | Файл: C:\Programms\OpenServer\OSPanel\domains\omega-interior.loc\vendor\project\core\Router.php | Строка: 39
=================
[2020-05-15 20:04:21] Текст ошибки: Страница не найдена | Файл: C:\Programms\OpenServer\OSPanel\domains\omega-interior.loc\vendor\project\core\Router.php | Строка: 39
=================
[2020-05-15 20:14:37] Текст ошибки: Страница не найдена | Файл: C:\Programms\OpenServer\OSPanel\domains\omega-interior.loc\vendor\project\core\Router.php | Строка: 39
=================
[2020-05-15 20:14:37] Текст ошибки: Страница не найдена | Файл: C:\Programms\OpenServer\OSPanel\domains\omega-interior.loc\vendor\project\core\Router.php | Строка: 39
=================
[2020-05-15 20:14:37] Текст ошибки: Страница не найдена | Файл: C:\Programms\OpenServer\OSPanel\domains\omega-interior.loc\vendor\project\core\Router.php | Строка: 39
=================
[2020-05-15 20:14:37] Текст ошибки: Страница не найдена | Файл: C:\Programms\OpenServer\OSPanel\domains\omega-interior.loc\vendor\project\core\Router.php | Строка: 39
=================
[2020-05-15 20:14:37] Текст ошибки: Страница не найдена | Файл: C:\Programms\OpenServer\OSPanel\domains\omega-interior.loc\vendor\project\core\Router.php | Строка: 39
=================
[2020-05-15 20:16:32] Текст ошибки: Страница не найдена | Файл: C:\Programms\OpenServer\OSPanel\domains\omega-interior.loc\vendor\project\core\Router.php | Строка: 39
=================
[2020-05-15 20:16:32] Текст ошибки: Страница не найдена | Файл: C:\Programms\OpenServer\OSPanel\domains\omega-interior.loc\vendor\project\core\Router.php | Строка: 39
=================
[2020-05-15 20:16:32] Текст ошибки: Страница не найдена | Файл: C:\Programms\OpenServer\OSPanel\domains\omega-interior.loc\vendor\project\core\Router.php | Строка: 39
=================
[2020-05-15 20:16:32] Текст ошибки: Страница не найдена | Файл: C:\Programms\OpenServer\OSPanel\domains\omega-interior.loc\vendor\project\core\Router.php | Строка: 39
=================
[2020-05-15 20:17:51] Текст ошибки: Страница не найдена | Файл: C:\Programms\OpenServer\OSPanel\domains\omega-interior.loc\vendor\project\core\Router.php | Строка: 39
=================
[2020-05-15 20:17:51] Текст ошибки: Страница не найдена | Файл: C:\Programms\OpenServer\OSPanel\domains\omega-interior.loc\vendor\project\core\Router.php | Строка: 39
=================
[2020-05-15 20:17:51] Текст ошибки: Страница не найдена | Файл: C:\Programms\OpenServer\OSPanel\domains\omega-interior.loc\vendor\project\core\Router.php | Строка: 39
=================
[2020-05-15 20:22:25] Текст ошибки: Страница не найдена | Файл: C:\Programms\OpenServer\OSPanel\domains\omega-interior.loc\vendor\project\core\Router.php | Строка: 39
=================
[2020-05-15 20:22:25] Текст ошибки: Страница не найдена | Файл: C:\Programms\OpenServer\OSPanel\domains\omega-interior.loc\vendor\project\core\Router.php | Строка: 39
=================
[2020-05-15 20:23:27] Текст ошибки: Страница не найдена | Файл: C:\Programms\OpenServer\OSPanel\domains\omega-interior.loc\vendor\project\core\Router.php | Строка: 39
=================
[2020-05-15 20:23:27] Текст ошибки: Страница не найдена | Файл: C:\Programms\OpenServer\OSPanel\domains\omega-interior.loc\vendor\project\core\Router.php | Строка: 39
=================
[2020-05-15 20:27:21] Текст ошибки: Контроллер app\controllers\ImgController не найден | Файл: C:\Programms\OpenServer\OSPanel\domains\omega-interior.loc\vendor\project\core\Router.php | Строка: 36
=================
[2020-05-15 20:38:36] Текст ошибки: Контроллер app\controllers\ProductController не найден | Файл: C:\Programms\OpenServer\OSPanel\domains\omega-interior.loc\vendor\project\core\Router.php | Строка: 36
=================
[2020-05-15 20:38:46] Текст ошибки: На найден вид C:\Programms\OpenServer\OSPanel\domains\omega-interior.loc/app/views/Service/index.php | Файл: C:\Programms\OpenServer\OSPanel\domains\omega-interior.loc\vendor\project\core\base\View.php | Строка: 39
=================
[2020-05-15 20:39:57] Текст ошибки: На найден вид C:\Programms\OpenServer\OSPanel\domains\omega-interior.loc/app/views/Service/index.php | Файл: C:\Programms\OpenServer\OSPanel\domains\omega-interior.loc\vendor\project\core\base\View.php | Строка: 39
=================
[2020-05-15 20:45:16] Текст ошибки: На найден вид C:\Programms\OpenServer\OSPanel\domains\omega-interior.loc/app/views/Service/view.php | Файл: C:\Programms\OpenServer\OSPanel\domains\omega-interior.loc\vendor\project\core\base\View.php | Строка: 39
=================
[2020-05-15 20:55:31] Текст ошибки: Страница не найдена | Файл: C:\Programms\OpenServer\OSPanel\domains\omega-interior.loc\app\controllers\ServiceController.php | Строка: 28
=================
[2020-05-15 20:56:38] Текст ошибки: Страница не найдена | Файл: C:\Programms\OpenServer\OSPanel\domains\omega-interior.loc\app\controllers\ServiceController.php | Строка: 28
=================
[2020-05-15 20:57:04] Текст ошибки: Метод app\controllers\ProductController::viewAction не найден | Файл: C:\Programms\OpenServer\OSPanel\domains\omega-interior.loc\vendor\project\core\Router.php | Строка: 33
=================
[2020-05-15 20:59:01] Текст ошибки: Страница не найдена | Файл: C:\Programms\OpenServer\OSPanel\domains\omega-interior.loc\app\controllers\ProductController.php | Строка: 27
=================
[2020-05-15 20:59:07] Текст ошибки: Страница не найдена | Файл: C:\Programms\OpenServer\OSPanel\domains\omega-interior.loc\app\controllers\ProductController.php | Строка: 27
=================
[2020-05-15 20:59:49] Текст ошибки: SQLSTATE[42S02]: Base table or view not found: 1146 Table 'omega_int.product' doesn't exist | Файл: C:\Programms\OpenServer\OSPanel\domains\omega-interior.loc\vendor\gabordemooij\redbean\RedBeanPHP\Driver\RPDO.php | Строка: 194
=================
[2020-05-15 20:59:53] Текст ошибки: SQLSTATE[42S02]: Base table or view not found: 1146 Table 'omega_int.product' doesn't exist | Файл: C:\Programms\OpenServer\OSPanel\domains\omega-interior.loc\vendor\gabordemooij\redbean\RedBeanPHP\Driver\RPDO.php | Строка: 194
=================
[2020-05-15 21:03:10] Текст ошибки: Страница не найдена | Файл: C:\Programms\OpenServer\OSPanel\domains\omega-interior.loc\app\controllers\ServiceController.php | Строка: 27
=================
[2020-05-15 21:41:27] Текст ошибки: Страница не найдена | Файл: C:\Programms\OpenServer\OSPanel\domains\omega-interior.loc\app\controllers\ServiceController.php | Строка: 27
=================
[2020-05-15 23:41:25] Текст ошибки: Страница не найдена | Файл: C:\Programms\OpenServer\OSPanel\domains\omega-interior.loc\vendor\project\core\Router.php | Строка: 39
=================
[2020-05-16 14:35:24] Текст ошибки: Страница не найдена | Файл: C:\Programms\OpenServer\OSPanel\domains\omega-interior.loc\vendor\project\core\Router.php | Строка: 39
=================
[2020-05-16 14:36:42] Текст ошибки: Страница не найдена | Файл: C:\Programms\OpenServer\OSPanel\domains\omega-interior.loc\vendor\project\core\Router.php | Строка: 39
=================
[2020-05-16 14:50:05] Текст ошибки: Страница не найдена | Файл: C:\Programms\OpenServer\OSPanel\domains\omega-interior.loc\vendor\project\core\Router.php | Строка: 39
=================
[2020-05-16 15:21:21] Текст ошибки: Страница не найдена | Файл: C:\Programms\OpenServer\OSPanel\domains\omega-interior.loc\vendor\project\core\Router.php | Строка: 39
=================
[2020-05-16 15:58:58] Текст ошибки: SQLSTATE[HY093]: Invalid parameter number: no parameters were bound | Файл: C:\Programms\OpenServer\OSPanel\domains\omega-interior.loc\vendor\gabordemooij\redbean\RedBeanPHP\Driver\RPDO.php | Строка: 194
=================
[2020-05-16 15:59:09] Текст ошибки: SQLSTATE[HY093]: Invalid parameter number: no parameters were bound | Файл: C:\Programms\OpenServer\OSPanel\domains\omega-interior.loc\vendor\gabordemooij\redbean\RedBeanPHP\Driver\RPDO.php | Строка: 194
=================
[2020-05-16 15:59:24] Текст ошибки: SQLSTATE[HY093]: Invalid parameter number: no parameters were bound | Файл: C:\Programms\OpenServer\OSPanel\domains\omega-interior.loc\vendor\gabordemooij\redbean\RedBeanPHP\Driver\RPDO.php | Строка: 194
=================
[2020-05-16 15:59:28] Текст ошибки: SQLSTATE[HY093]: Invalid parameter number: no parameters were bound | Файл: C:\Programms\OpenServer\OSPanel\domains\omega-interior.loc\vendor\gabordemooij\redbean\RedBeanPHP\Driver\RPDO.php | Строка: 194
=================
[2020-05-16 15:59:31] Текст ошибки: SQLSTATE[HY093]: Invalid parameter number: no parameters were bound | Файл: C:\Programms\OpenServer\OSPanel\domains\omega-interior.loc\vendor\gabordemooij\redbean\RedBeanPHP\Driver\RPDO.php | Строка: 194
=================
[2020-05-16 16:03:08] Текст ошибки: Страница не найдена | Файл: C:\Programms\OpenServer\OSPanel\domains\omega-interior.loc\vendor\project\core\Router.php | Строка: 39
=================
[2020-05-16 16:03:29] Текст ошибки: Страница не найдена | Файл: C:\Programms\OpenServer\OSPanel\domains\omega-interior.loc\vendor\project\core\Router.php | Строка: 39
=================
[2020-05-16 16:03:45] Текст ошибки: Страница не найдена | Файл: C:\Programms\OpenServer\OSPanel\domains\omega-interior.loc\vendor\project\core\Router.php | Строка: 39
=================
[2020-05-16 16:03:54] Текст ошибки: Страница не найдена | Файл: C:\Programms\OpenServer\OSPanel\domains\omega-interior.loc\vendor\project\core\Router.php | Строка: 39
=================
[2020-05-16 16:04:20] Текст ошибки: Страница не найдена | Файл: C:\Programms\OpenServer\OSPanel\domains\omega-interior.loc\vendor\project\core\Router.php | Строка: 39
=================
[2020-05-16 16:04:34] Текст ошибки: Страница не найдена | Файл: C:\Programms\OpenServer\OSPanel\domains\omega-interior.loc\vendor\project\core\Router.php | Строка: 39
=================
[2020-05-16 16:04:43] Текст ошибки: Страница не найдена | Файл: C:\Programms\OpenServer\OSPanel\domains\omega-interior.loc\vendor\project\core\Router.php | Строка: 39
=================
[2020-05-16 16:14:21] Текст ошибки: SQLSTATE[42S02]: Base table or view not found: 1146 Table 'omega_int.gallery_product' doesn't exist | Файл: C:\Programms\OpenServer\OSPanel\domains\omega-interior.loc\vendor\gabordemooij\redbean\RedBeanPHP\Driver\RPDO.php | Строка: 194
=================
[2020-05-16 16:14:28] Текст ошибки: SQLSTATE[42S02]: Base table or view not found: 1146 Table 'omega_int.gallery_product' doesn't exist | Файл: C:\Programms\OpenServer\OSPanel\domains\omega-interior.loc\vendor\gabordemooij\redbean\RedBeanPHP\Driver\RPDO.php | Строка: 194
=================
[2020-05-16 16:16:06] Текст ошибки: SQLSTATE[42S02]: Base table or view not found: 1146 Table 'omega_int.gallery_product' doesn't exist | Файл: C:\Programms\OpenServer\OSPanel\domains\omega-interior.loc\vendor\gabordemooij\redbean\RedBeanPHP\Driver\RPDO.php | Строка: 194
=================
[2020-05-16 16:16:26] Текст ошибки: SQLSTATE[42S02]: Base table or view not found: 1146 Table 'omega_int.gallery_product' doesn't exist | Файл: C:\Programms\OpenServer\OSPanel\domains\omega-interior.loc\vendor\gabordemooij\redbean\RedBeanPHP\Driver\RPDO.php | Строка: 194
=================
[2020-05-16 16:17:24] Текст ошибки: Метод app\controllers\JalousieController::indexAction не найден | Файл: C:\Programms\OpenServer\OSPanel\domains\omega-interior.loc\vendor\project\core\Router.php | Строка: 33
=================
[2020-05-16 16:17:45] Текст ошибки: syntax error, unexpected '{', expecting '(' | Файл: C:\Programms\OpenServer\OSPanel\domains\omega-interior.loc\app\controllers\JalousieController.php | Строка: 9
=================
[2020-05-16 16:18:37] Текст ошибки: Контроллер app\controllers\DoorsOakController не найден | Файл: C:\Programms\OpenServer\OSPanel\domains\omega-interior.loc\vendor\project\core\Router.php | Строка: 36
=================
[2020-05-16 16:22:14] Текст ошибки: Контроллер app\controllers\DoorsController не найден | Файл: C:\Programms\OpenServer\OSPanel\domains\omega-interior.loc\vendor\project\core\Router.php | Строка: 36
=================
[2020-05-16 16:30:00] Текст ошибки: Метод app\controllers\DoorsOakController::indexAction не найден | Файл: C:\Programms\OpenServer\OSPanel\domains\omega-interior.loc\vendor\project\core\Router.php | Строка: 33
=================
[2020-05-16 17:19:33] Текст ошибки: Страница не найдена | Файл: C:\Programms\OpenServer\OSPanel\domains\omega-interior.loc\app\controllers\DoorsOakController.php | Строка: 26
=================
[2020-05-16 17:25:41] Текст ошибки: Метод app\controllers\DoorsPineController::indexAction не найден | Файл: C:\Programms\OpenServer\OSPanel\domains\omega-interior.loc\vendor\project\core\Router.php | Строка: 33
=================
[2020-05-16 17:28:24] Текст ошибки: Метод app\controllers\ProductController::jalousieAction не найден | Файл: C:\Programms\OpenServer\OSPanel\domains\omega-interior.loc\vendor\project\core\Router.php | Строка: 33
=================
[2020-05-16 18:00:50] Текст ошибки: Страница не найдена | Файл: C:\Programms\OpenServer\OSPanel\domains\omega-interior.loc\vendor\project\core\Router.php | Строка: 39
=================
[2020-05-16 19:22:56] Текст ошибки: Метод app\controllers\ProductController::doorsOakAction не найден | Файл: C:\Programms\OpenServer\OSPanel\domains\omega-interior.loc\vendor\project\core\Router.php | Строка: 33
=================
[2020-05-16 19:23:41] Текст ошибки: Метод app\controllers\ProductController::doorsOakAction не найден | Файл: C:\Programms\OpenServer\OSPanel\domains\omega-interior.loc\vendor\project\core\Router.php | Строка: 33
=================
[2020-05-16 19:25:00] Текст ошибки: Метод app\controllers\ProductController::paintingCountertopAction не найден | Файл: C:\Programms\OpenServer\OSPanel\domains\omega-interior.loc\vendor\project\core\Router.php | Строка: 33
=================
[2020-05-16 19:25:05] Текст ошибки: Метод app\controllers\ProductController::paintingCountertopAction не найден | Файл: C:\Programms\OpenServer\OSPanel\domains\omega-interior.loc\vendor\project\core\Router.php | Строка: 33
=================
[2020-05-16 19:25:25] Текст ошибки: Метод app\controllers\ProductController::paintingMdfAction не найден | Файл: C:\Programms\OpenServer\OSPanel\domains\omega-interior.loc\vendor\project\core\Router.php | Строка: 33
=================
[2020-05-16 21:03:50] Текст ошибки: Страница не найдена | Файл: C:\Programms\OpenServer\OSPanel\domains\omega-interior.loc\vendor\project\core\Router.php | Строка: 39
=================
[2020-05-16 21:05:06] Текст ошибки: Страница не найдена | Файл: C:\Programms\OpenServer\OSPanel\domains\omega-interior.loc\vendor\project\core\Router.php | Строка: 39
=================
[2020-05-16 21:25:46] Текст ошибки: Страница не найдена | Файл: C:\Programms\OpenServer\OSPanel\domains\omega-interior.loc\app\controllers\DoorsOakController.php | Строка: 26
=================
[2020-05-16 21:25:51] Текст ошибки: Страница не найдена | Файл: C:\Programms\OpenServer\OSPanel\domains\omega-interior.loc\app\controllers\DoorsOakController.php | Строка: 26
=================
[2020-05-16 23:50:04] Текст ошибки: Страница не найдена | Файл: C:\Programms\OpenServer\OSPanel\domains\omega-interior.loc\vendor\project\core\Router.php | Строка: 39
=================
[2020-05-16 23:55:26] Текст ошибки: Страница не найдена | Файл: C:\Programms\OpenServer\OSPanel\domains\omega-interior.loc\vendor\project\core\Router.php | Строка: 39
=================
[2020-05-16 23:56:16] Текст ошибки: Страница не найдена | Файл: C:\Programms\OpenServer\OSPanel\domains\omega-interior.loc\vendor\project\core\Router.php | Строка: 39
=================
[2020-05-17 00:04:52] Текст ошибки: Страница не найдена | Файл: C:\Programms\OpenServer\OSPanel\domains\omega-interior.loc\vendor\project\core\Router.php | Строка: 39
=================
[2020-05-17 00:05:32] Текст ошибки: Страница не найдена | Файл: C:\Programms\OpenServer\OSPanel\domains\omega-interior.loc\vendor\project\core\Router.php | Строка: 39
=================
[2020-05-17 00:07:11] Текст ошибки: Страница не найдена | Файл: C:\Programms\OpenServer\OSPanel\domains\omega-interior.loc\vendor\project\core\Router.php | Строка: 39
=================
[2020-05-17 00:07:14] Текст ошибки: Страница не найдена | Файл: C:\Programms\OpenServer\OSPanel\domains\omega-interior.loc\vendor\project\core\Router.php | Строка: 39
=================
[2020-05-17 00:07:49] Текст ошибки: Страница не найдена | Файл: C:\Programms\OpenServer\OSPanel\domains\omega-interior.loc\vendor\project\core\Router.php | Строка: 39
=================
[2020-05-17 00:08:47] Текст ошибки: Страница не найдена | Файл: C:\Programms\OpenServer\OSPanel\domains\omega-interior.loc\vendor\project\core\Router.php | Строка: 39
=================
[2020-05-17 00:08:51] Текст ошибки: Страница не найдена | Файл: C:\Programms\OpenServer\OSPanel\domains\omega-interior.loc\vendor\project\core\Router.php | Строка: 39
=================
[2020-05-17 00:09:07] Текст ошибки: Страница не найдена | Файл: C:\Programms\OpenServer\OSPanel\domains\omega-interior.loc\vendor\project\core\Router.php | Строка: 39
=================
[2020-05-17 00:09:14] Текст ошибки: Страница не найдена | Файл: C:\Programms\OpenServer\OSPanel\domains\omega-interior.loc\vendor\project\core\Router.php | Строка: 39
=================
[2020-05-17 00:09:16] Текст ошибки: Страница не найдена | Файл: C:\Programms\OpenServer\OSPanel\domains\omega-interior.loc\vendor\project\core\Router.php | Строка: 39
=================
[2020-05-17 00:09:17] Текст ошибки: Страница не найдена | Файл: C:\Programms\OpenServer\OSPanel\domains\omega-interior.loc\vendor\project\core\Router.php | Строка: 39
=================
[2020-05-17 13:31:00] Текст ошибки: Страница не найдена | Файл: C:\Programms\OpenServer\OSPanel\domains\omega-interior.loc\vendor\project\core\Router.php | Строка: 39
=================
[2020-05-17 13:31:08] Текст ошибки: Страница не найдена | Файл: C:\Programms\OpenServer\OSPanel\domains\omega-interior.loc\vendor\project\core\Router.php | Строка: 39
=================
[2020-05-17 13:31:40] Текст ошибки: Страница не найдена | Файл: C:\Programms\OpenServer\OSPanel\domains\omega-interior.loc\vendor\project\core\Router.php | Строка: 39
=================
[2020-05-17 13:31:42] Текст ошибки: Страница не найдена | Файл: C:\Programms\OpenServer\OSPanel\domains\omega-interior.loc\vendor\project\core\Router.php | Строка: 39
=================
[2020-05-17 13:31:44] Текст ошибки: Страница не найдена | Файл: C:\Programms\OpenServer\OSPanel\domains\omega-interior.loc\vendor\project\core\Router.php | Строка: 39
=================
[2020-05-17 13:32:00] Текст ошибки: Страница не найдена | Файл: C:\Programms\OpenServer\OSPanel\domains\omega-interior.loc\vendor\project\core\Router.php | Строка: 39
=================
[2020-05-17 13:32:09] Текст ошибки: Страница не найдена | Файл: C:\Programms\OpenServer\OSPanel\domains\omega-interior.loc\vendor\project\core\Router.php | Строка: 39
=================
[2020-05-17 14:07:09] Текст ошибки: Страница не найдена | Файл: C:\Programms\OpenServer\OSPanel\domains\omega-interior.loc\vendor\project\core\Router.php | Строка: 39
=================
[2020-05-17 14:07:14] Текст ошибки: Страница не найдена | Файл: C:\Programms\OpenServer\OSPanel\domains\omega-interior.loc\vendor\project\core\Router.php | Строка: 39
=================
[2020-05-17 14:07:15] Текст ошибки: Страница не найдена | Файл: C:\Programms\OpenServer\OSPanel\domains\omega-interior.loc\vendor\project\core\Router.php | Строка: 39
=================
[2020-05-17 14:07:17] Текст ошибки: Страница не найдена | Файл: C:\Programms\OpenServer\OSPanel\domains\omega-interior.loc\vendor\project\core\Router.php | Строка: 39
=================
[2020-05-17 14:07:33] Текст ошибки: Страница не найдена | Файл: C:\Programms\OpenServer\OSPanel\domains\omega-interior.loc\vendor\project\core\Router.php | Строка: 39
=================
[2020-05-17 16:15:36] Текст ошибки: Invalid type: request_count | Файл: C:\Programms\OpenServer\OSPanel\domains\omega-interior.loc\vendor\gabordemooij\redbean\RedBeanPHP\Util\DispenseHelper.php | Строка: 77
=================
[2020-05-17 16:16:28] Текст ошибки: Invalid type: request_count | Файл: C:\Programms\OpenServer\OSPanel\domains\omega-interior.loc\vendor\gabordemooij\redbean\RedBeanPHP\Util\DispenseHelper.php | Строка: 77
=================
[2020-05-17 16:22:43] Текст ошибки: Invalid type: request_count | Файл: C:\Programms\OpenServer\OSPanel\domains\omega-interior.loc\vendor\gabordemooij\redbean\RedBeanPHP\Util\DispenseHelper.php | Строка: 77
=================
[2020-05-17 17:11:14] Текст ошибки: Invalid type: requestсount | Файл: C:\Programms\OpenServer\OSPanel\domains\omega-interior.loc\vendor\gabordemooij\redbean\RedBeanPHP\Util\DispenseHelper.php | Строка: 77
=================
[2020-05-17 17:12:19] Текст ошибки: Invalid type: requestсount | Файл: C:\Programms\OpenServer\OSPanel\domains\omega-interior.loc\vendor\gabordemooij\redbean\RedBeanPHP\Util\DispenseHelper.php | Строка: 77
=================
[2020-05-17 17:14:52] Текст ошибки: Invalid type: request_short | Файл: C:\Programms\OpenServer\OSPanel\domains\omega-interior.loc\vendor\gabordemooij\redbean\RedBeanPHP\Util\DispenseHelper.php | Строка: 77
=================
[2020-05-17 17:19:55] Текст ошибки: Invalid type: request_short | Файл: C:\Programms\OpenServer\OSPanel\domains\omega-interior.loc\vendor\gabordemooij\redbean\RedBeanPHP\Util\DispenseHelper.php | Строка: 77
=================
[2020-05-17 17:20:50] Текст ошибки: Invalid type: request_short | Файл: C:\Programms\OpenServer\OSPanel\domains\omega-interior.loc\vendor\gabordemooij\redbean\RedBeanPHP\Util\DispenseHelper.php | Строка: 77
=================
[2020-05-17 17:22:17] Текст ошибки: Invalid type: request_short | Файл: C:\Programms\OpenServer\OSPanel\domains\omega-interior.loc\vendor\gabordemooij\redbean\RedBeanPHP\Util\DispenseHelper.php | Строка: 77
=================
[2020-05-17 17:22:27] Текст ошибки: Invalid type: request_short | Файл: C:\Programms\OpenServer\OSPanel\domains\omega-interior.loc\vendor\gabordemooij\redbean\RedBeanPHP\Util\DispenseHelper.php | Строка: 77
=================
[2020-05-17 17:23:41] Текст ошибки: Invalid type: request_short | Файл: C:\Programms\OpenServer\OSPanel\domains\omega-interior.loc\vendor\gabordemooij\redbean\RedBeanPHP\Util\DispenseHelper.php | Строка: 77
=================
[2020-05-17 17:23:47] Текст ошибки: Invalid type: request_short | Файл: C:\Programms\OpenServer\OSPanel\domains\omega-interior.loc\vendor\gabordemooij\redbean\RedBeanPHP\Util\DispenseHelper.php | Строка: 77
=================
[2020-05-17 17:24:22] Текст ошибки: Invalid type: request_short | Файл: C:\Programms\OpenServer\OSPanel\domains\omega-interior.loc\vendor\gabordemooij\redbean\RedBeanPHP\Util\DispenseHelper.php | Строка: 77
=================
[2020-05-17 17:24:25] Текст ошибки: Invalid type: request_short | Файл: C:\Programms\OpenServer\OSPanel\domains\omega-interior.loc\vendor\gabordemooij\redbean\RedBeanPHP\Util\DispenseHelper.php | Строка: 77
=================
[2020-05-17 17:25:49] Текст ошибки: Invalid type: short_request | Файл: C:\Programms\OpenServer\OSPanel\domains\omega-interior.loc\vendor\gabordemooij\redbean\RedBeanPHP\Util\DispenseHelper.php | Строка: 77
=================
[2020-05-17 17:25:54] Текст ошибки: Invalid type: short_request | Файл: C:\Programms\OpenServer\OSPanel\domains\omega-interior.loc\vendor\gabordemooij\redbean\RedBeanPHP\Util\DispenseHelper.php | Строка: 77
=================
[2020-05-17 17:28:32] Текст ошибки: Invalid type: short_send | Файл: C:\Programms\OpenServer\OSPanel\domains\omega-interior.loc\vendor\gabordemooij\redbean\RedBeanPHP\Util\DispenseHelper.php | Строка: 77
=================
[2020-05-17 17:29:00] Текст ошибки: Invalid type: request_s | Файл: C:\Programms\OpenServer\OSPanel\domains\omega-interior.loc\vendor\gabordemooij\redbean\RedBeanPHP\Util\DispenseHelper.php | Строка: 77
=================
[2020-05-17 17:29:10] Текст ошибки: Invalid type: send_s | Файл: C:\Programms\OpenServer\OSPanel\domains\omega-interior.loc\vendor\gabordemooij\redbean\RedBeanPHP\Util\DispenseHelper.php | Строка: 77
=================
[2020-05-17 17:29:22] Текст ошибки: Invalid type: send_s | Файл: C:\Programms\OpenServer\OSPanel\domains\omega-interior.loc\vendor\gabordemooij\redbean\RedBeanPHP\Util\DispenseHelper.php | Строка: 77
=================
[2020-05-17 17:29:29] Текст ошибки: Метод app\controllers\ProductController::jalousieAction не найден | Файл: C:\Programms\OpenServer\OSPanel\domains\omega-interior.loc\vendor\project\core\Router.php | Строка: 33
=================
[2020-05-17 17:29:30] Текст ошибки: Страница не найдена | Файл: C:\Programms\OpenServer\OSPanel\domains\omega-interior.loc\vendor\project\core\Router.php | Строка: 39
=================
[2020-05-17 17:29:47] Текст ошибки: Invalid type: req_s | Файл: C:\Programms\OpenServer\OSPanel\domains\omega-interior.loc\vendor\gabordemooij\redbean\RedBeanPHP\Util\DispenseHelper.php | Строка: 77
=================
[2020-05-17 17:31:28] Текст ошибки: Invalid type: r_short | Файл: C:\Programms\OpenServer\OSPanel\domains\omega-interior.loc\vendor\gabordemooij\redbean\RedBeanPHP\Util\DispenseHelper.php | Строка: 77
=================
[2020-05-17 17:32:36] Текст ошибки: Invalid type: demand_s | Файл: C:\Programms\OpenServer\OSPanel\domains\omega-interior.loc\vendor\gabordemooij\redbean\RedBeanPHP\Util\DispenseHelper.php | Строка: 77
=================
[2020-05-17 17:34:32] Текст ошибки: Invalid type: request_short | Файл: C:\Programms\OpenServer\OSPanel\domains\omega-interior.loc\vendor\gabordemooij\redbean\RedBeanPHP\Util\DispenseHelper.php | Строка: 77
=================
[2020-05-17 17:34:49] Текст ошибки: SQLSTATE[42S22]: Column not found: 1054 Unknown column 'email' in 'field list' | Файл: C:\Programms\OpenServer\OSPanel\domains\omega-interior.loc\vendor\gabordemooij\redbean\RedBeanPHP\Driver\RPDO.php | Строка: 194
=================
[2020-05-17 17:36:16] Текст ошибки: На найден вид C:\Programms\OpenServer\OSPanel\domains\omega-interior.loc/app/views/Main/sendshort.php | Файл: C:\Programms\OpenServer\OSPanel\domains\omega-interior.loc\vendor\project\core\base\View.php | Строка: 39
=================
[2020-05-17 17:42:16] Текст ошибки: Invalid type: requestсount | Файл: C:\Programms\OpenServer\OSPanel\domains\omega-interior.loc\vendor\gabordemooij\redbean\RedBeanPHP\Util\DispenseHelper.php | Строка: 77
=================
[2020-05-17 17:42:52] Текст ошибки: Invalid type: reqсount | Файл: C:\Programms\OpenServer\OSPanel\domains\omega-interior.loc\vendor\gabordemooij\redbean\RedBeanPHP\Util\DispenseHelper.php | Строка: 77
=================
[2020-05-17 17:43:07] Текст ошибки: Invalid type: reqс | Файл: C:\Programms\OpenServer\OSPanel\domains\omega-interior.loc\vendor\gabordemooij\redbean\RedBeanPHP\Util\DispenseHelper.php | Строка: 77
=================
[2020-05-17 17:43:24] Текст ошибки: SQLSTATE[22007]: Invalid datetime format: 1366 Incorrect integer value: '' for column `omega_int`.`some`.`avd1` at row 1 | Файл: C:\Programms\OpenServer\OSPanel\domains\omega-interior.loc\vendor\gabordemooij\redbean\RedBeanPHP\Driver\RPDO.php | Строка: 194
=================
[2020-05-17 17:44:06] Текст ошибки: SQLSTATE[22007]: Invalid datetime format: 1366 Incorrect integer value: '' for column `omega_int`.`some`.`avd1` at row 1 | Файл: C:\Programms\OpenServer\OSPanel\domains\omega-interior.loc\vendor\gabordemooij\redbean\RedBeanPHP\Driver\RPDO.php | Строка: 194
=================
[2020-05-17 17:46:06] Текст ошибки: SQLSTATE[22007]: Invalid datetime format: 1366 Incorrect integer value: '' for column `omega_int`.`some`.`avd1` at row 1 | Файл: C:\Programms\OpenServer\OSPanel\domains\omega-interior.loc\vendor\gabordemooij\redbean\RedBeanPHP\Driver\RPDO.php | Строка: 194
=================
[2020-05-17 17:46:09] Текст ошибки: SQLSTATE[22007]: Invalid datetime format: 1366 Incorrect integer value: '' for column `omega_int`.`some`.`avd1` at row 1 | Файл: C:\Programms\OpenServer\OSPanel\domains\omega-interior.loc\vendor\gabordemooij\redbean\RedBeanPHP\Driver\RPDO.php | Строка: 194
=================
[2020-05-17 17:52:09] Текст ошибки: SQLSTATE[42S22]: Column not found: 1054 Unknown column 'bonus1' in 'field list' | Файл: C:\Programms\OpenServer\OSPanel\domains\omega-interior.loc\vendor\gabordemooij\redbean\RedBeanPHP\Driver\RPDO.php | Строка: 194
=================
[2020-05-17 17:52:18] Текст ошибки: SQLSTATE[42S22]: Column not found: 1054 Unknown column 'adv1' in 'field list' | Файл: C:\Programms\OpenServer\OSPanel\domains\omega-interior.loc\vendor\gabordemooij\redbean\RedBeanPHP\Driver\RPDO.php | Строка: 194
=================
[2020-05-17 17:54:49] Текст ошибки: SQLSTATE[22007]: Invalid datetime format: 1366 Incorrect integer value: '' for column `omega_int`.`some`.`adv2` at row 1 | Файл: C:\Programms\OpenServer\OSPanel\domains\omega-interior.loc\vendor\gabordemooij\redbean\RedBeanPHP\Driver\RPDO.php | Строка: 194
=================
[2020-05-17 18:47:53] Текст ошибки: На найден вид C:\Programms\OpenServer\OSPanel\domains\omega-interior.loc/app/views/Main/sendshort.php | Файл: C:\Programms\OpenServer\OSPanel\domains\omega-interior.loc\vendor\project\core\base\View.php | Строка: 39
=================
[2020-05-17 18:49:21] Текст ошибки: Invalid type: some_s | Файл: C:\Programms\OpenServer\OSPanel\domains\omega-interior.loc\vendor\gabordemooij\redbean\RedBeanPHP\Util\DispenseHelper.php | Строка: 77
=================
[2020-05-17 18:49:39] Текст ошибки: SQLSTATE[42S22]: Column not found: 1054 Unknown column 'email' in 'field list' | Файл: C:\Programms\OpenServer\OSPanel\domains\omega-interior.loc\vendor\gabordemooij\redbean\RedBeanPHP\Driver\RPDO.php | Строка: 194
=================
[2020-05-17 18:50:00] Текст ошибки: SQLSTATE[42S22]: Column not found: 1054 Unknown column 'email' in 'field list' | Файл: C:\Programms\OpenServer\OSPanel\domains\omega-interior.loc\vendor\gabordemooij\redbean\RedBeanPHP\Driver\RPDO.php | Строка: 194
=================
[2020-05-17 18:50:08] Текст ошибки: SQLSTATE[42S22]: Column not found: 1054 Unknown column 'email' in 'field list' | Файл: C:\Programms\OpenServer\OSPanel\domains\omega-interior.loc\vendor\gabordemooij\redbean\RedBeanPHP\Driver\RPDO.php | Строка: 194
=================
[2020-05-17 18:58:20] Текст ошибки: Too few arguments to function app\models\RequestJalousie::mailRequest(), 0 passed in C:\Programms\OpenServer\OSPanel\domains\omega-interior.loc\app\controllers\MainController.php on line 49 and exactly 1 expected | Файл: C:\Programms\OpenServer\OSPanel\domains\omega-interior.loc\app\models\RequestJalousie.php | Строка: 33
=================
[2020-05-22 13:51:53] Текст ошибки: Контроллер app\controllers\MainController не найден | Файл: C:\Programms\OpenServer\OSPanel\domains\beton.loc\vendor\project\core\Router.php | Строка: 36
=================
[2020-05-22 13:51:53] Текст ошибки: Страница не найдена | Файл: C:\Programms\OpenServer\OSPanel\domains\beton.loc\vendor\project\core\Router.php | Строка: 39
=================
[2020-05-22 13:56:23] Текст ошибки: Call to undefined method app\controllers\AppController::getServices() | Файл: C:\Programms\OpenServer\OSPanel\domains\beton.loc\app\controllers\MainController.php | Строка: 19
=================
[2020-05-22 13:56:41] Текст ошибки: Call to undefined method app\controllers\AppController::getServices() | Файл: C:\Programms\OpenServer\OSPanel\domains\beton.loc\app\controllers\MainController.php | Строка: 19
=================
[2020-05-22 13:57:00] Текст ошибки: Call to undefined method app\controllers\AppController::getServices() | Файл: C:\Programms\OpenServer\OSPanel\domains\beton.loc\app\controllers\MainController.php | Строка: 19
=================
[2020-05-22 13:59:28] Текст ошибки: Страница не найдена | Файл: C:\Programms\OpenServer\OSPanel\domains\beton.loc\vendor\project\core\Router.php | Строка: 39
=================
[2020-05-22 14:09:59] Текст ошибки: На найден вид C:\Programms\OpenServer\OSPanel\domains\beton.loc/app/views/Main/calculate.php | Файл: C:\Programms\OpenServer\OSPanel\domains\beton.loc\vendor\project\core\base\View.php | Строка: 39
=================
[2020-05-22 14:34:58] Текст ошибки: Метод app\controllers\MainController::contactsAction не найден | Файл: C:\Programms\OpenServer\OSPanel\domains\beton.loc\vendor\project\core\Router.php | Строка: 33
=================
[2020-05-22 15:47:57] Текст ошибки: Метод app\controllers\MainController::certificatesAction не найден | Файл: C:\Programms\OpenServer\OSPanel\domains\beton.loc\vendor\project\core\Router.php | Строка: 33
=================
[2020-05-22 15:52:06] Текст ошибки: Метод app\controllers\MainController::pricesAction не найден | Файл: C:\Programms\OpenServer\OSPanel\domains\beton.loc\vendor\project\core\Router.php | Строка: 33
=================
